2022-02-17 11:02:46 INFO ExperimentDebug |Starting round 1
2022-02-17 11:02:46 INFO ExperimentDebug |Learning
2022-02-17 11:02:46 INFO ExperimentDebug |Observation Table (Round 1):
+=======+====+====+
|       | b  | a  |
+=======+====+====+
| ε     | Ω  |  0 |
+-------+----+----+
| b     | Ω  | Ω  |
+-------+----+----+
| a     |  0 |  0 |
+=======+====+====+
| b  a  | Ω  | Ω  |
+-------+----+----+
| b  b  | Ω  | Ω  |
+-------+----+----+
| a  b  | Ω  |  0 |
+-------+----+----+
| a  a  |  0 |  0 |
+=======+====+====+

2022-02-17 11:02:46 INFO ExperimentDebug |Searching for counterexample
2022-02-17 11:02:46 INFO ExperimentDebug |a  b  a  b 
2022-02-17 11:02:46 INFO ExperimentDebug |Starting round 2
2022-02-17 11:02:46 INFO ExperimentDebug |Learning
2022-02-17 11:02:46 INFO ExperimentDebug |Observation Table (Round 2):
+==========+====+====+=======+
|          | b  | a  | a  b  |
+==========+====+====+=======+
| ε        | Ω  |  0 |  0  0 |
+----------+----+----+-------+
| b        | Ω  | Ω  | Ω Ω   |
+----------+----+----+-------+
| a        |  0 |  0 |  0  0 |
+----------+----+----+-------+
| a  b     | Ω  |  0 |  0 Ω  |
+----------+----+----+-------+
| a  a     |  0 |  0 |  0 Ω  |
+==========+====+====+=======+
| b  a     | Ω  | Ω  | Ω Ω   |
+----------+----+----+-------+
| b  b     | Ω  | Ω  | Ω Ω   |
+----------+----+----+-------+
| a  b  a  | Ω  |  0 |  0 Ω  |
+----------+----+----+-------+
| a  b  b  | Ω  | Ω  | Ω Ω   |
+----------+----+----+-------+
| a  a  b  | Ω  |  0 |  0 Ω  |
+----------+----+----+-------+
| a  a  a  | Ω  |  0 |  0 Ω  |
+==========+====+====+=======+

2022-02-17 11:02:46 INFO ExperimentDebug |Searching for counterexample
2022-02-17 11:02:46 INFO ExperimentDebug |a  b  a  a  a  b 
2022-02-17 11:02:46 INFO ExperimentDebug |Starting round 3
2022-02-17 11:02:46 INFO ExperimentDebug |Learning
2022-02-17 11:02:46 INFO ExperimentDebug |Observation Table (Round 3):
+=============+====+====+=======+==========+
|             | b  | a  | a  b  | a  a  b  |
+=============+====+====+=======+==========+
| ε           | Ω  |  0 |  0  0 |  0  0  0 |
+-------------+----+----+-------+----------+
| b           | Ω  | Ω  | Ω Ω   | Ω Ω Ω    |
+-------------+----+----+-------+----------+
| a           |  0 |  0 |  0  0 |  0  0 Ω  |
+-------------+----+----+-------+----------+
| a  b        | Ω  |  0 |  0 Ω  |  0  0 Ω  |
+-------------+----+----+-------+----------+
| a  a        |  0 |  0 |  0 Ω  |  0  0 Ω  |
+-------------+----+----+-------+----------+
| a  b  a     | Ω  |  0 |  0 Ω  |  0  0  0 |
+=============+====+====+=======+==========+
| b  a        | Ω  | Ω  | Ω Ω   | Ω Ω Ω    |
+-------------+----+----+-------+----------+
| b  b        | Ω  | Ω  | Ω Ω   | Ω Ω Ω    |
+-------------+----+----+-------+----------+
| a  a  a     | Ω  |  0 |  0 Ω  |  0  0  0 |
+-------------+----+----+-------+----------+
| a  b  b     | Ω  | Ω  | Ω Ω   | Ω Ω Ω    |
+-------------+----+----+-------+----------+
| a  a  b     | Ω  |  0 |  0 Ω  |  0  0 Ω  |
+-------------+----+----+-------+----------+
| a  b  a  b  | Ω  | Ω  | Ω Ω   | Ω Ω Ω    |
+-------------+----+----+-------+----------+
| a  b  a  a  | Ω  |  0 |  0  0 |  0  0  0 |
+=============+====+====+=======+==========+

2022-02-17 11:02:46 INFO ExperimentDebug |Searching for counterexample
